# JRE version: OpenJDK Runtime Environment Temurin-21.0.10+7 (21.0.10+7) (build 21.0.10+7-LTS)
# Java VM: OpenJDK 64-Bit Server VM Temurin-21.0.10+7 (21.0.10+7-LTS, mixed mode, sharing, tiered, compressed oops, compressed class ptrs, parallel gc, windows-amd64)
GC Precious Log:
 CardTable entry size: 512
 CPUs: 8 total, 8 available
 Memory: 16254M
 Large Page Support: Disabled
 NUMA Support: Disabled
 Compressed Oops: Enabled (32-bit)
 Alignments: Space 512K, Generation 512K, Heap 2M
 Heap Min Capacity: 100M
 Heap Initial Capacity: 100M
 Heap Max Capacity: 2G
 Pre-touch: Disabled
 Parallel Workers: 8
Heap:
 PSYoungGen      total 16896K, used 15426K [0x00000000d5580000, 0x00000000d6900000, 0x0000000100000000)
  eden space 15872K, 90% used [0x00000000d5580000,0x00000000d63958a0,0x00000000d6500000)
  from space 1024K, 98% used [0x00000000d6680000,0x00000000d677b290,0x00000000d6780000)
  to   space 1536K, 0% used [0x00000000d6780000,0x00000000d6780000,0x00000000d6900000)
 ParOldGen       total 68608K, used 43208K [0x0000000080000000, 0x0000000084300000, 0x00000000d5580000)
  object space 68608K, 62% used [0x0000000080000000,0x0000000082a32388,0x0000000084300000)
 Metaspace       used 63284K, committed 64896K, reserved 1114112K
  class space    used 8017K, committed 8704K, reserved 1048576K
GC Heap History (20 events):
Event: 30.475 GC heap before
{Heap before GC invocations=43 (full 3):
 PSYoungGen      total 16384K, used 16382K [0x00000000d5580000, 0x00000000d6900000, 0x0000000100000000)
  eden space 15872K, 100% used [0x00000000d5580000,0x00000000d6500000,0x00000000d6500000)
  from space 512K, 99% used [0x00000000d6800000,0x00000000d687f920,0x00000000d6880000)
  to   space 512K, 0% used [0x00000000d6880000,0x00000000d6880000,0x00000000d6900000)
 ParOldGen       total 68608K, used 40246K [0x0000000080000000, 0x0000000084300000, 0x00000000d5580000)
  object space 68608K, 58% used [0x0000000080000000,0x000000008274d810,0x0000000084300000)
 Metaspace       used 59322K, committed 60736K, reserved 1114112K
  class space    used 7452K, committed 8064K, reserved 1048576K
}
Event: 30.477 GC heap after
{Heap after GC invocations=43 (full 3):
 PSYoungGen      total 16384K, used 503K [0x00000000d5580000, 0x00000000d6900000, 0x0000000100000000)
  eden space 15872K, 0% used [0x00000000d5580000,0x00000000d5580000,0x00000000d6500000)
  from space 512K, 98% used [0x00000000d6880000,0x00000000d68fde40,0x00000000d6900000)
  to   space 1024K, 0% used [0x00000000d6700000,0x00000000d6700000,0x00000000d6800000)
 ParOldGen       total 68608K, used 40482K [0x0000000080000000, 0x0000000084300000, 0x00000000d5580000)
  object space 68608K, 59% used [0x0000000080000000,0x00000000827888f8,0x0000000084300000)
 Metaspace       used 59322K, committed 60736K, reserved 1114112K
  class space    used 7452K, committed 8064K, reserved 1048576K
}
Event: 30.595 GC heap before
{Heap before GC invocations=44 (full 3):
 PSYoungGen      total 16384K, used 16375K [0x00000000d5580000, 0x00000000d6900000, 0x0000000100000000)
  eden space 15872K, 100% used [0x00000000d5580000,0x00000000d6500000,0x00000000d6500000)
  from space 512K, 98% used [0x00000000d6880000,0x00000000d68fde40,0x00000000d6900000)
  to   space 1024K, 0% used [0x00000000d6700000,0x00000000d6700000,0x00000000d6800000)
 ParOldGen       total 68608K, used 40482K [0x0000000080000000, 0x0000000084300000, 0x00000000d5580000)
  object space 68608K, 59% used [0x0000000080000000,0x00000000827888f8,0x0000000084300000)
 Metaspace       used 59322K, committed 60736K, reserved 1114112K
  class space    used 7452K, committed 8064K, reserved 1048576K
}
Event: 30.595 GC heap after
{Heap after GC invocations=44 (full 3):
 PSYoungGen      total 16896K, used 241K [0x00000000d5580000, 0x00000000d6900000, 0x0000000100000000)
  eden space 15872K, 0% used [0x00000000d5580000,0x00000000d5580000,0x00000000d6500000)
  from space 1024K, 23% used [0x00000000d6700000,0x00000000d673c640,0x00000000d6800000)
  to   space 512K, 0% used [0x00000000d6880000,0x00000000d6880000,0x00000000d6900000)
 ParOldGen       total 68608K, used 40562K [0x0000000080000000, 0x0000000084300000, 0x00000000d5580000)
  object space 68608K, 59% used [0x0000000080000000,0x000000008279c8f8,0x0000000084300000)
 Metaspace       used 59322K, committed 60736K, reserved 1114112K
  class space    used 7452K, committed 8064K, reserved 1048576K
}
Event: 30.736 GC heap before
{Heap before GC invocations=45 (full 3):
 PSYoungGen      total 16896K, used 16113K [0x00000000d5580000, 0x00000000d6900000, 0x0000000100000000)
  eden space 15872K, 100% used [0x00000000d5580000,0x00000000d6500000,0x00000000d6500000)
  from space 1024K, 23% used [0x00000000d6700000,0x00000000d673c640,0x00000000d6800000)
  to   space 512K, 0% used [0x00000000d6880000,0x00000000d6880000,0x00000000d6900000)
 ParOldGen       total 68608K, used 40562K [0x0000000080000000, 0x0000000084300000, 0x00000000d5580000)
  object space 68608K, 59% used [0x0000000080000000,0x000000008279c8f8,0x0000000084300000)
 Metaspace       used 59322K, committed 60736K, reserved 1114112K
  class space    used 7452K, committed 8064K, reserved 1048576K
}
Event: 30.736 GC heap after
{Heap after GC invocations=45 (full 3):
 PSYoungGen      total 16384K, used 503K [0x00000000d5580000, 0x00000000d6900000, 0x0000000100000000)
  eden space 15872K, 0% used [0x00000000d5580000,0x00000000d5580000,0x00000000d6500000)
  from space 512K, 98% used [0x00000000d6880000,0x00000000d68fdd18,0x00000000d6900000)
  to   space 1536K, 0% used [0x00000000d6600000,0x00000000d6600000,0x00000000d6780000)
 ParOldGen       total 68608K, used 41296K [0x0000000080000000, 0x0000000084300000, 0x00000000d5580000)
  object space 68608K, 60% used [0x0000000080000000,0x00000000828543c0,0x0000000084300000)
 Metaspace       used 59322K, committed 60736K, reserved 1114112K
  class space    used 7452K, committed 8064K, reserved 1048576K
}
Event: 30.875 GC heap before
{Heap before GC invocations=46 (full 3):
 PSYoungGen      total 16384K, used 16375K [0x00000000d5580000, 0x00000000d6900000, 0x0000000100000000)
  eden space 15872K, 100% used [0x00000000d5580000,0x00000000d6500000,0x00000000d6500000)
  from space 512K, 98% used [0x00000000d6880000,0x00000000d68fdd18,0x00000000d6900000)
  to   space 1536K, 0% used [0x00000000d6600000,0x00000000d6600000,0x00000000d6780000)
 ParOldGen       total 68608K, used 41296K [0x0000000080000000, 0x0000000084300000, 0x00000000d5580000)
  object space 68608K, 60% used [0x0000000080000000,0x00000000828543c0,0x0000000084300000)
 Metaspace       used 59322K, committed 60736K, reserved 1114112K
  class space    used 7452K, committed 8064K, reserved 1048576K
}
Event: 30.876 GC heap after
{Heap after GC invocations=46 (full 3):
 PSYoungGen      total 17408K, used 839K [0x00000000d5580000, 0x00000000d6900000, 0x0000000100000000)
  eden space 15872K, 0% used [0x00000000d5580000,0x00000000d5580000,0x00000000d6500000)
  from space 1536K, 54% used [0x00000000d6600000,0x00000000d66d1d50,0x00000000d6780000)
  to   space 1024K, 0% used [0x00000000d6800000,0x00000000d6800000,0x00000000d6900000)
 ParOldGen       total 68608K, used 41336K [0x0000000080000000, 0x0000000084300000, 0x00000000d5580000)
  object space 68608K, 60% used [0x0000000080000000,0x000000008285e3c0,0x0000000084300000)
 Metaspace       used 59322K, committed 60736K, reserved 1114112K
  class space    used 7452K, committed 8064K, reserved 1048576K
}
Event: 31.004 GC heap before
{Heap before GC invocations=47 (full 3):
 PSYoungGen      total 17408K, used 16711K [0x00000000d5580000, 0x00000000d6900000, 0x0000000100000000)
  eden space 15872K, 100% used [0x00000000d5580000,0x00000000d6500000,0x00000000d6500000)
  from space 1536K, 54% used [0x00000000d6600000,0x00000000d66d1d50,0x00000000d6780000)
  to   space 1024K, 0% used [0x00000000d6800000,0x00000000d6800000,0x00000000d6900000)
 ParOldGen       total 68608K, used 41336K [0x0000000080000000, 0x0000000084300000, 0x00000000d5580000)
  object space 68608K, 60% used [0x0000000080000000,0x000000008285e3c0,0x0000000084300000)
 Metaspace       used 59322K, committed 60736K, reserved 1114112K
  class space    used 7452K, committed 8064K, reserved 1048576K
}
Event: 31.005 GC heap after
{Heap after GC invocations=47 (full 3):
 PSYoungGen      total 16384K, used 213K [0x00000000d5580000, 0x00000000d6880000, 0x0000000100000000)
  eden space 15872K, 0% used [0x00000000d5580000,0x00000000d5580000,0x00000000d6500000)
  from space 512K, 41% used [0x00000000d6800000,0x00000000d68354b8,0x00000000d6880000)
  to   space 512K, 0% used [0x00000000d6780000,0x00000000d6780000,0x00000000d6800000)
 ParOldGen       total 68608K, used 41400K [0x0000000080000000, 0x0000000084300000, 0x00000000d5580000)
  object space 68608K, 60% used [0x0000000080000000,0x000000008286e3c0,0x0000000084300000)
 Metaspace       used 59322K, committed 60736K, reserved 1114112K
  class space    used 7452K, committed 8064K, reserved 1048576K
}
Event: 31.125 GC heap before
{Heap before GC invocations=48 (full 3):
 PSYoungGen      total 16384K, used 16085K [0x00000000d5580000, 0x00000000d6880000, 0x0000000100000000)
  eden space 15872K, 100% used [0x00000000d5580000,0x00000000d6500000,0x00000000d6500000)
  from space 512K, 41% used [0x00000000d6800000,0x00000000d68354b8,0x00000000d6880000)
  to   space 512K, 0% used [0x00000000d6780000,0x00000000d6780000,0x00000000d6800000)
 ParOldGen       total 68608K, used 41400K [0x0000000080000000, 0x0000000084300000, 0x00000000d5580000)
  object space 68608K, 60% used [0x0000000080000000,0x000000008286e3c0,0x0000000084300000)
 Metaspace       used 59322K, committed 60736K, reserved 1114112K
  class space    used 7452K, committed 8064K, reserved 1048576K
}
Event: 31.125 GC heap after
{Heap after GC invocations=48 (full 3):
 PSYoungGen      total 16384K, used 482K [0x00000000d5580000, 0x00000000d6880000, 0x0000000100000000)
  eden space 15872K, 0% used [0x00000000d5580000,0x00000000d5580000,0x00000000d6500000)
  from space 512K, 94% used [0x00000000d6780000,0x00000000d67f8b50,0x00000000d6800000)
  to   space 512K, 0% used [0x00000000d6800000,0x00000000d6800000,0x00000000d6880000)
 ParOldGen       total 68608K, used 41955K [0x0000000080000000, 0x0000000084300000, 0x00000000d5580000)
  object space 68608K, 61% used [0x0000000080000000,0x00000000828f8c70,0x0000000084300000)
 Metaspace       used 59322K, committed 60736K, reserved 1114112K
  class space    used 7452K, committed 8064K, reserved 1048576K
}
Event: 31.227 GC heap before
{Heap before GC invocations=49 (full 3):
 PSYoungGen      total 16384K, used 16354K [0x00000000d5580000, 0x00000000d6880000, 0x0000000100000000)
  eden space 15872K, 100% used [0x00000000d5580000,0x00000000d6500000,0x00000000d6500000)
  from space 512K, 94% used [0x00000000d6780000,0x00000000d67f8b50,0x00000000d6800000)
  to   space 512K, 0% used [0x00000000d6800000,0x00000000d6800000,0x00000000d6880000)
 ParOldGen       total 68608K, used 41955K [0x0000000080000000, 0x0000000084300000, 0x00000000d5580000)
  object space 68608K, 61% used [0x0000000080000000,0x00000000828f8c70,0x0000000084300000)
 Metaspace       used 59322K, committed 60736K, reserved 1114112K
  class space    used 7452K, committed 8064K, reserved 1048576K
}
Event: 31.228 GC heap after
{Heap after GC invocations=49 (full 3):
 PSYoungGen      total 16384K, used 511K [0x00000000d5580000, 0x00000000d6880000, 0x0000000100000000)
  eden space 15872K, 0% used [0x00000000d5580000,0x00000000d5580000,0x00000000d6500000)
  from space 512K, 99% used [0x00000000d6800000,0x00000000d687ffa8,0x00000000d6880000)
  to   space 1024K, 0% used [0x00000000d6680000,0x00000000d6680000,0x00000000d6780000)
 ParOldGen       total 68608K, used 42317K [0x0000000080000000, 0x0000000084300000, 0x00000000d5580000)
  object space 68608K, 61% used [0x0000000080000000,0x0000000082953658,0x0000000084300000)
 Metaspace       used 59322K, committed 60736K, reserved 1114112K
  class space    used 7452K, committed 8064K, reserved 1048576K
}
Event: 31.395 GC heap before
{Heap before GC invocations=50 (full 3):
 PSYoungGen      total 16384K, used 16383K [0x00000000d5580000, 0x00000000d6880000, 0x0000000100000000)
  eden space 15872K, 100% used [0x00000000d5580000,0x00000000d6500000,0x00000000d6500000)
  from space 512K, 99% used [0x00000000d6800000,0x00000000d687ffa8,0x00000000d6880000)
  to   space 1024K, 0% used [0x00000000d6680000,0x00000000d6680000,0x00000000d6780000)
 ParOldGen       total 68608K, used 42317K [0x0000000080000000, 0x0000000084300000, 0x00000000d5580000)
  object space 68608K, 61% used [0x0000000080000000,0x0000000082953658,0x0000000084300000)
 Metaspace       used 59508K, committed 60928K, reserved 1114112K
  class space    used 7485K, committed 8064K, reserved 1048576K
}
Event: 31.395 GC heap after
{Heap after GC invocations=50 (full 3):
 PSYoungGen      total 16896K, used 256K [0x00000000d5580000, 0x00000000d6880000, 0x0000000100000000)
  eden space 15872K, 0% used [0x00000000d5580000,0x00000000d5580000,0x00000000d6500000)
  from space 1024K, 25% used [0x00000000d6680000,0x00000000d66c0000,0x00000000d6780000)
  to   space 512K, 0% used [0x00000000d6800000,0x00000000d6800000,0x00000000d6880000)
 ParOldGen       total 68608K, used 42389K [0x0000000080000000, 0x0000000084300000, 0x00000000d5580000)
  object space 68608K, 61% used [0x0000000080000000,0x0000000082965668,0x0000000084300000)
 Metaspace       used 59508K, committed 60928K, reserved 1114112K
  class space    used 7485K, committed 8064K, reserved 1048576K
}
Event: 31.653 GC heap before
{Heap before GC invocations=51 (full 3):
 PSYoungGen      total 16896K, used 16128K [0x00000000d5580000, 0x00000000d6880000, 0x0000000100000000)
  eden space 15872K, 100% used [0x00000000d5580000,0x00000000d6500000,0x00000000d6500000)
  from space 1024K, 25% used [0x00000000d6680000,0x00000000d66c0000,0x00000000d6780000)
  to   space 512K, 0% used [0x00000000d6800000,0x00000000d6800000,0x00000000d6880000)
 ParOldGen       total 68608K, used 42389K [0x0000000080000000, 0x0000000084300000, 0x00000000d5580000)
  object space 68608K, 61% used [0x0000000080000000,0x0000000082965668,0x0000000084300000)
 Metaspace       used 61257K, committed 62848K, reserved 1114112K
  class space    used 7763K, committed 8448K, reserved 1048576K
}
Event: 31.654 GC heap after
{Heap after GC invocations=51 (full 3):
 PSYoungGen      total 16384K, used 512K [0x00000000d5580000, 0x00000000d6880000, 0x0000000100000000)
  eden space 15872K, 0% used [0x00000000d5580000,0x00000000d5580000,0x00000000d6500000)
  from space 512K, 100% used [0x00000000d6800000,0x00000000d6880000,0x00000000d6880000)
  to   space 1024K, 0% used [0x00000000d6680000,0x00000000d6680000,0x00000000d6780000)
 ParOldGen       total 68608K, used 42548K [0x0000000080000000, 0x0000000084300000, 0x00000000d5580000)
  object space 68608K, 62% used [0x0000000080000000,0x000000008298d368,0x0000000084300000)
 Metaspace       used 61257K, committed 62848K, reserved 1114112K
  class space    used 7763K, committed 8448K, reserved 1048576K
}
Event: 34.818 GC heap before
{Heap before GC invocations=52 (full 3):
 PSYoungGen      total 16384K, used 16369K [0x00000000d5580000, 0x00000000d6880000, 0x0000000100000000)
  eden space 15872K, 99% used [0x00000000d5580000,0x00000000d64fc428,0x00000000d6500000)
  from space 512K, 100% used [0x00000000d6800000,0x00000000d6880000,0x00000000d6880000)
  to   space 1024K, 0% used [0x00000000d6680000,0x00000000d6680000,0x00000000d6780000)
 ParOldGen       total 68608K, used 42548K [0x0000000080000000, 0x0000000084300000, 0x00000000d5580000)
  object space 68608K, 62% used [0x0000000080000000,0x000000008298d368,0x0000000084300000)
 Metaspace       used 62769K, committed 64320K, reserved 1114112K
  class space    used 7944K, committed 8576K, reserved 1048576K
}
Event: 34.821 GC heap after
{Heap after GC invocations=52 (full 3):
 PSYoungGen      total 16896K, used 1004K [0x00000000d5580000, 0x00000000d6900000, 0x0000000100000000)
  eden space 15872K, 0% used [0x00000000d5580000,0x00000000d5580000,0x00000000d6500000)
  from space 1024K, 98% used [0x00000000d6680000,0x00000000d677b290,0x00000000d6780000)
  to   space 1536K, 0% used [0x00000000d6780000,0x00000000d6780000,0x00000000d6900000)
 ParOldGen       total 68608K, used 43208K [0x0000000080000000, 0x0000000084300000, 0x00000000d5580000)
  object space 68608K, 62% used [0x0000000080000000,0x0000000082a32388,0x0000000084300000)
 Metaspace       used 62769K, committed 64320K, reserved 1114112K
  class space    used 7944K, committed 8576K, reserved 1048576K
}

